[Connection Debug] userId: 6a3e1e34306bc7ab887cf437, role: patient
[Join Room Start] userId: 6a3e1e34306bc7ab887cf437, role: patient, appointmentId: 6a42a869a9b619d1dbb5b21f
[Join Room Try] userId: 6a3e1e34306bc7ab887cf437, role: patient, patientId: 6a3e1e34306bc7ab887cf437, doctorId: 6a4265d3ec408bbf7f1edd7c, isPatient: true, isDoctor: false
[Send Message Try] userId: 6a3e1e34306bc7ab887cf437, role: patient, appointmentId: 6a42a869a9b619d1dbb5b21f, content: hi Doc
[Send Message Try] userId: 6a3e1e34306bc7ab887cf437, role: patient, appointmentId: 6a42a869a9b619d1dbb5b21f, content: me43.png
[Send Message Try] userId: 6a3e1e34306bc7ab887cf437, role: patient, appointmentId: 6a42a869a9b619d1dbb5b21f, content: stepper motor.pdf
[Connection Debug] userId: 6a3e1e34306bc7ab887cf437, role: patient
[Join Room Start] userId: 6a3e1e34306bc7ab887cf437, role: patient, appointmentId: 6a42a869a9b619d1dbb5b21f
[Join Room Try] userId: 6a3e1e34306bc7ab887cf437, role: patient, patientId: 6a3e1e34306bc7ab887cf437, doctorId: 6a4265d3ec408bbf7f1edd7c, isPatient: true, isDoctor: false
[Connection Debug] userId: 6a3e1e34306bc7ab887cf437, role: patient
[Join Room Start] userId: 6a3e1e34306bc7ab887cf437, role: patient, appointmentId: 6a42a869a9b619d1dbb5b21f
[Join Room Try] userId: 6a3e1e34306bc7ab887cf437, role: patient, patientId: 6a3e1e34306bc7ab887cf437, doctorId: 6a4265d3ec408bbf7f1edd7c, isPatient: true, isDoctor: false
[Connection Debug] userId: 6a3e1e34306bc7ab887cf437, role: patient
[Join Room Start] userId: 6a3e1e34306bc7ab887cf437, role: patient, appointmentId: 6a42a869a9b619d1dbb5b21f
[Join Room Try] userId: 6a3e1e34306bc7ab887cf437, role: patient, patientId: 6a3e1e34306bc7ab887cf437, doctorId: 6a4265d3ec408bbf7f1edd7c, isPatient: true, isDoctor: false
[Disconnect Debug] userId: 6a3e1e34306bc7ab887cf437, role: patient
[Connection Debug] userId: 6a3e1e34306bc7ab887cf437, role: patient
[Join Room Start] userId: 6a3e1e34306bc7ab887cf437, role: patient, appointmentId: 6a42a869a9b619d1dbb5b21f
[Join Room Try] userId: 6a3e1e34306bc7ab887cf437, role: patient, patientId: 6a3e1e34306bc7ab887cf437, doctorId: 6a4265d3ec408bbf7f1edd7c, isPatient: true, isDoctor: false
[Send Message Try] userId: 6a3e1e34306bc7ab887cf437, role: patient, appointmentId: 6a42a869a9b619d1dbb5b21f, content: stepper motor.pdf
[Disconnect Debug] userId: 6a3e1e34306bc7ab887cf437, role: patient
[Connection Debug] userId: 6a3e1e34306bc7ab887cf437, role: patient
[Join Room Start] userId: 6a3e1e34306bc7ab887cf437, role: patient, appointmentId: 6a3e670f36e5a8cfb3ce5ac5
[Join Room Try] userId: 6a3e1e34306bc7ab887cf437, role: patient, patientId: 6a3e1e34306bc7ab887cf437, doctorId: 6a3e14df3bab9e274914c67d, isPatient: true, isDoctor: false
[Send Message Try] userId: 6a3e1e34306bc7ab887cf437, role: patient, appointmentId: 6a3e670f36e5a8cfb3ce5ac5, content: Prevention of CVD.pdf
[Disconnect Debug] userId: 6a3e1e34306bc7ab887cf437, role: patient
[Connection Debug] userId: 6a3e1e34306bc7ab887cf437, role: patient
[Join Room Start] userId: 6a3e1e34306bc7ab887cf437, role: patient, appointmentId: 6a42a869a9b619d1dbb5b21f
[Join Room Try] userId: 6a3e1e34306bc7ab887cf437, role: patient, patientId: 6a3e1e34306bc7ab887cf437, doctorId: 6a4265d3ec408bbf7f1edd7c, isPatient: true, isDoctor: false
[Disconnect Debug] userId: 6a3e1e34306bc7ab887cf437, role: patient
